<?xml version="1.0" encoding="UTF-8" ?>
<testsuite tests="29" failures="0" name="AVLNode_ESTest" time="0.041" errors="0" skipped="0">
  <properties>
    <property name="idea.version" value="2023.1.2"/>
    <property name="java.runtime.name" value="OpenJDK Runtime Environment"/>
    <property name="sun.boot.library.path" value="/Users/I528780/Library/Java/JavaVirtualMachines/corretto-1.8.0_392/Contents/Home/jre/lib"/>
    <property name="java.vm.version" value="25.392-b08"/>
    <property name="gopherProxySet" value="false"/>
    <property name="java.vm.vendor" value="Amazon.com Inc."/>
    <property name="maven.multiModuleProjectDirectory" value="/Users/I528780/IdeaProjects/EvoSuite-IDEA/com.example"/>
    <property name="java.vendor.url" value="https://aws.amazon.com/corretto/"/>
    <property name="path.separator" value=":"/>
    <property name="guice.disable.misplaced.annotation.check" value="true"/>
    <property name="java.vm.name" value="OpenJDK 64-Bit Server VM"/>
    <property name="file.encoding.pkg" value="sun.io"/>
    <property name="user.country" value="CN"/>
    <property name="sun.java.launcher" value="SUN_STANDARD"/>
    <property name="sun.os.patch.level" value="unknown"/>
    <property name="java.vm.specification.name" value="Java Virtual Machine Specification"/>
    <property name="user.dir" value="/Users/I528780/IdeaProjects/EvoSuite-IDEA/com.example"/>
    <property name="java.runtime.version" value="1.8.0_392-b08"/>
    <property name="java.awt.graphicsenv" value="sun.awt.CGraphicsEnvironment"/>
    <property name="java.endorsed.dirs" value="/Users/I528780/Library/Java/JavaVirtualMachines/corretto-1.8.0_392/Contents/Home/jre/lib/endorsed"/>
    <property name="os.arch" value="aarch64"/>
    <property name="java.io.tmpdir" value="/var/folders/fh/1y3d644d3yj2c712m1m90vpm0000gn/T/"/>
    <property name="line.separator" value="
"/>
    <property name="java.vm.specification.vendor" value="Oracle Corporation"/>
    <property name="os.name" value="Mac OS X"/>
    <property name="maven.ext.class.path" value="/Applications/IntelliJ IDEA CE.app/Contents/plugins/maven/lib/maven-event-listener.jar"/>
    <property name="classworlds.conf" value="/Applications/IntelliJ IDEA CE.app/Contents/plugins/maven/lib/maven3/bin/m2.conf"/>
    <property name="sun.jnu.encoding" value="UTF-8"/>
    <property name="java.library.path" value="/Users/I528780/Library/Java/Extensions:/Library/Java/Extensions:/Network/Library/Java/Extensions:/System/Library/Java/Extensions:/usr/lib/java:."/>
    <property name="jansi.passthrough" value="true"/>
    <property name="maven.conf" value="/Applications/IntelliJ IDEA CE.app/Contents/plugins/maven/lib/maven3/conf"/>
    <property name="java.specification.name" value="Java Platform API Specification"/>
    <property name="java.class.version" value="52.0"/>
    <property name="sun.management.compiler" value="HotSpot 64-Bit Tiered Compilers"/>
    <property name="os.version" value="14.2.1"/>
    <property name="user.home" value="/Users/I528780"/>
    <property name="user.timezone" value="Asia/Shanghai"/>
    <property name="java.awt.printerjob" value="sun.lwawt.macosx.CPrinterJob"/>
    <property name="java.specification.version" value="1.8"/>
    <property name="file.encoding" value="UTF-8"/>
    <property name="user.name" value="I528780"/>
    <property name="java.class.path" value="/Applications/IntelliJ IDEA CE.app/Contents/plugins/maven/lib/maven3/boot/plexus-classworlds.license:/Applications/IntelliJ IDEA CE.app/Contents/plugins/maven/lib/maven3/boot/plexus-classworlds-2.6.0.jar:/Applications/IntelliJ IDEA CE.app/Contents/lib/idea_rt.jar"/>
    <property name="java.vm.specification.version" value="1.8"/>
    <property name="sun.arch.data.model" value="64"/>
    <property name="java.home" value="/Users/I528780/Library/Java/JavaVirtualMachines/corretto-1.8.0_392/Contents/Home/jre"/>
    <property name="sun.java.command" value="org.codehaus.classworlds.Launcher -Didea.version=2023.1.2 install"/>
    <property name="java.specification.vendor" value="Oracle Corporation"/>
    <property name="user.language" value="en"/>
    <property name="awt.toolkit" value="sun.lwawt.macosx.LWCToolkit"/>
    <property name="java.vm.info" value="mixed mode"/>
    <property name="java.version" value="1.8.0_392"/>
    <property name="java.ext.dirs" value="/Users/I528780/Library/Java/Extensions:/Users/I528780/Library/Java/JavaVirtualMachines/corretto-1.8.0_392/Contents/Home/jre/lib/ext:/Library/Java/Extensions:/Network/Library/Java/Extensions:/System/Library/Java/Extensions:/usr/lib/java"/>
    <property name="sun.boot.class.path" value="/Users/I528780/Library/Java/JavaVirtualMachines/corretto-1.8.0_392/Contents/Home/jre/lib/resources.jar:/Users/I528780/Library/Java/JavaVirtualMachines/corretto-1.8.0_392/Contents/Home/jre/lib/rt.jar:/Users/I528780/Library/Java/JavaVirtualMachines/corretto-1.8.0_392/Contents/Home/jre/lib/sunrsasign.jar:/Users/I528780/Library/Java/JavaVirtualMachines/corretto-1.8.0_392/Contents/Home/jre/lib/jsse.jar:/Users/I528780/Library/Java/JavaVirtualMachines/corretto-1.8.0_392/Contents/Home/jre/lib/jce.jar:/Users/I528780/Library/Java/JavaVirtualMachines/corretto-1.8.0_392/Contents/Home/jre/lib/charsets.jar:/Users/I528780/Library/Java/JavaVirtualMachines/corretto-1.8.0_392/Contents/Home/jre/lib/jfr.jar:/Users/I528780/Library/Java/JavaVirtualMachines/corretto-1.8.0_392/Contents/Home/jre/classes"/>
    <property name="java.vendor" value="Amazon.com Inc."/>
    <property name="java.specification.maintenance.version" value="5"/>
    <property name="maven.home" value="/Applications/IntelliJ IDEA CE.app/Contents/plugins/maven/lib/maven3"/>
    <property name="file.separator" value="/"/>
    <property name="java.vendor.url.bug" value="https://github.com/corretto/corretto-8/issues/"/>
    <property name="sun.cpu.endian" value="little"/>
    <property name="sun.io.unicode.encoding" value="UnicodeBig"/>
    <property name="sun.cpu.isalist" value=""/>
  </properties>
  <testcase classname="AVLNode_ESTest" name="test10" time="0.005"/>
  <testcase classname="AVLNode_ESTest" name="test11" time="0.002"/>
  <testcase classname="AVLNode_ESTest" name="test12" time="0.002"/>
  <testcase classname="AVLNode_ESTest" name="test13" time="0.002"/>
  <testcase classname="AVLNode_ESTest" name="test14" time="0.002"/>
  <testcase classname="AVLNode_ESTest" name="test15" time="0.001"/>
  <testcase classname="AVLNode_ESTest" name="test16" time="0.003"/>
  <testcase classname="AVLNode_ESTest" name="test17" time="0.001"/>
  <testcase classname="AVLNode_ESTest" name="test18" time="0.002"/>
  <testcase classname="AVLNode_ESTest" name="test19" time="0.002"/>
  <testcase classname="AVLNode_ESTest" name="test20" time="0.001"/>
  <testcase classname="AVLNode_ESTest" name="test21" time="0.001"/>
  <testcase classname="AVLNode_ESTest" name="test00" time="0.001"/>
  <testcase classname="AVLNode_ESTest" name="test22" time="0.001"/>
  <testcase classname="AVLNode_ESTest" name="test01" time="0.001"/>
  <testcase classname="AVLNode_ESTest" name="test23" time="0.003"/>
  <testcase classname="AVLNode_ESTest" name="test02" time="0.001"/>
  <testcase classname="AVLNode_ESTest" name="test24" time="0.001"/>
  <testcase classname="AVLNode_ESTest" name="test03" time="0.001"/>
  <testcase classname="AVLNode_ESTest" name="test25" time="0"/>
  <testcase classname="AVLNode_ESTest" name="test04" time="0"/>
  <testcase classname="AVLNode_ESTest" name="test26" time="0.001"/>
  <testcase classname="AVLNode_ESTest" name="test05" time="0.001"/>
  <testcase classname="AVLNode_ESTest" name="test27" time="0.001"/>
  <testcase classname="AVLNode_ESTest" name="test06" time="0.001"/>
  <testcase classname="AVLNode_ESTest" name="test28" time="0.001"/>
  <testcase classname="AVLNode_ESTest" name="test07" time="0.001"/>
  <testcase classname="AVLNode_ESTest" name="test08" time="0.001"/>
  <testcase classname="AVLNode_ESTest" name="test09" time="0.001"/>
</testsuite>